# JRE version: OpenJDK Runtime Environment (17.0.9) (build 17.0.9+0--11185874)
# Java VM: OpenJDK 64-Bit Server VM (17.0.9+0--11185874, mixed mode, tiered, compressed oops, compressed class ptrs, g1 gc, windows-amd64)
GC Precious Log:
 CPUs: 16 total, 16 available
 Memory: 24196M
 Large Page Support: Disabled
 NUMA Support: Disabled
 Compressed Oops: Enabled (32-bit)
 Heap Region Size: 1M
 Heap Min Capacity: 8M
 Heap Initial Capacity: 380M
 Heap Max Capacity: 2G
 Pre-touch: Disabled
 Parallel Workers: 13
 Concurrent Workers: 3
 Concurrent Refinement Workers: 13
 Periodic GC: Disabled
Heap:
 garbage-first heap   total 278528K, used 158260K [0x0000000080000000, 0x0000000100000000)
  region size 1024K, 105 young (107520K), 12 survivors (12288K)
 Metaspace       used 57527K, committed 58112K, reserved 1114112K
  class space    used 7660K, committed 7936K, reserved 1048576K
GC Heap History (20 events):
Event: 12.300 GC heap before
{Heap before GC invocations=22 (full 0):
 garbage-first heap   total 231424K, used 191154K [0x0000000080000000, 0x0000000100000000)
  region size 1024K, 135 young (138240K), 9 survivors (9216K)
 Metaspace       used 49793K, committed 50240K, reserved 1114112K
  class space    used 6566K, committed 6784K, reserved 1048576K
}
Event: 12.303 GC heap after
{Heap after GC invocations=23 (full 0):
 garbage-first heap   total 278528K, used 53491K [0x0000000080000000, 0x0000000100000000)
  region size 1024K, 3 young (3072K), 3 survivors (3072K)
 Metaspace       used 49793K, committed 50240K, reserved 1114112K
  class space    used 6566K, committed 6784K, reserved 1048576K
}
Event: 12.741 GC heap before
{Heap before GC invocations=23 (full 0):
 garbage-first heap   total 278528K, used 216307K [0x0000000080000000, 0x0000000100000000)
  region size 1024K, 163 young (166912K), 3 survivors (3072K)
 Metaspace       used 49795K, committed 50240K, reserved 1114112K
  class space    used 6566K, committed 6784K, reserved 1048576K
}
Event: 12.744 GC heap after
{Heap after GC invocations=24 (full 0):
 garbage-first heap   total 278528K, used 53901K [0x0000000080000000, 0x0000000100000000)
  region size 1024K, 4 young (4096K), 4 survivors (4096K)
 Metaspace       used 49795K, committed 50240K, reserved 1114112K
  class space    used 6566K, committed 6784K, reserved 1048576K
}
Event: 13.125 GC heap before
{Heap before GC invocations=24 (full 0):
 garbage-first heap   total 278528K, used 216717K [0x0000000080000000, 0x0000000100000000)
  region size 1024K, 163 young (166912K), 4 survivors (4096K)
 Metaspace       used 49796K, committed 50240K, reserved 1114112K
  class space    used 6566K, committed 6784K, reserved 1048576K
}
Event: 13.129 GC heap after
{Heap after GC invocations=25 (full 0):
 garbage-first heap   total 278528K, used 53714K [0x0000000080000000, 0x0000000100000000)
  region size 1024K, 3 young (3072K), 3 survivors (3072K)
 Metaspace       used 49796K, committed 50240K, reserved 1114112K
  class space    used 6566K, committed 6784K, reserved 1048576K
}
Event: 13.549 GC heap before
{Heap before GC invocations=25 (full 0):
 garbage-first heap   total 278528K, used 217554K [0x0000000080000000, 0x0000000100000000)
  region size 1024K, 163 young (166912K), 3 survivors (3072K)
 Metaspace       used 49805K, committed 50240K, reserved 1114112K
  class space    used 6566K, committed 6784K, reserved 1048576K
}
Event: 13.552 GC heap after
{Heap after GC invocations=26 (full 0):
 garbage-first heap   total 278528K, used 54917K [0x0000000080000000, 0x0000000100000000)
  region size 1024K, 5 young (5120K), 5 survivors (5120K)
 Metaspace       used 49805K, committed 50240K, reserved 1114112K
  class space    used 6566K, committed 6784K, reserved 1048576K
}
Event: 14.055 GC heap before
{Heap before GC invocations=26 (full 0):
 garbage-first heap   total 278528K, used 216709K [0x0000000080000000, 0x0000000100000000)
  region size 1024K, 163 young (166912K), 5 survivors (5120K)
 Metaspace       used 49805K, committed 50240K, reserved 1114112K
  class space    used 6566K, committed 6784K, reserved 1048576K
}
Event: 14.059 GC heap after
{Heap after GC invocations=27 (full 0):
 garbage-first heap   total 278528K, used 56296K [0x0000000080000000, 0x0000000100000000)
  region size 1024K, 6 young (6144K), 6 survivors (6144K)
 Metaspace       used 49805K, committed 50240K, reserved 1114112K
  class space    used 6566K, committed 6784K, reserved 1048576K
}
Event: 14.297 GC heap before
{Heap before GC invocations=27 (full 0):
 garbage-first heap   total 278528K, used 217064K [0x0000000080000000, 0x0000000100000000)
  region size 1024K, 163 young (166912K), 6 survivors (6144K)
 Metaspace       used 49807K, committed 50240K, reserved 1114112K
  class space    used 6566K, committed 6784K, reserved 1048576K
}
Event: 14.302 GC heap after
{Heap after GC invocations=28 (full 0):
 garbage-first heap   total 278528K, used 57225K [0x0000000080000000, 0x0000000100000000)
  region size 1024K, 7 young (7168K), 7 survivors (7168K)
 Metaspace       used 49807K, committed 50240K, reserved 1114112K
  class space    used 6566K, committed 6784K, reserved 1048576K
}
Event: 14.520 GC heap before
{Heap before GC invocations=28 (full 0):
 garbage-first heap   total 278528K, used 216969K [0x0000000080000000, 0x0000000100000000)
  region size 1024K, 163 young (166912K), 7 survivors (7168K)
 Metaspace       used 49808K, committed 50240K, reserved 1114112K
  class space    used 6566K, committed 6784K, reserved 1048576K
}
Event: 14.530 GC heap after
{Heap after GC invocations=29 (full 0):
 garbage-first heap   total 278528K, used 59082K [0x0000000080000000, 0x0000000100000000)
  region size 1024K, 9 young (9216K), 9 survivors (9216K)
 Metaspace       used 49808K, committed 50240K, reserved 1114112K
  class space    used 6566K, committed 6784K, reserved 1048576K
}
Event: 15.145 GC heap before
{Heap before GC invocations=29 (full 0):
 garbage-first heap   total 278528K, used 216778K [0x0000000080000000, 0x0000000100000000)
  region size 1024K, 163 young (166912K), 9 survivors (9216K)
 Metaspace       used 49809K, committed 50240K, reserved 1114112K
  class space    used 6566K, committed 6784K, reserved 1048576K
}
Event: 15.152 GC heap after
{Heap after GC invocations=30 (full 0):
 garbage-first heap   total 278528K, used 60863K [0x0000000080000000, 0x0000000100000000)
  region size 1024K, 10 young (10240K), 10 survivors (10240K)
 Metaspace       used 49809K, committed 50240K, reserved 1114112K
  class space    used 6566K, committed 6784K, reserved 1048576K
}
Event: 15.581 GC heap before
{Heap before GC invocations=30 (full 0):
 garbage-first heap   total 278528K, used 217535K [0x0000000080000000, 0x0000000100000000)
  region size 1024K, 163 young (166912K), 10 survivors (10240K)
 Metaspace       used 49809K, committed 50240K, reserved 1114112K
  class space    used 6566K, committed 6784K, reserved 1048576K
}
Event: 15.592 GC heap after
{Heap after GC invocations=31 (full 0):
 garbage-first heap   total 278528K, used 61976K [0x0000000080000000, 0x0000000100000000)
  region size 1024K, 11 young (11264K), 11 survivors (11264K)
 Metaspace       used 49809K, committed 50240K, reserved 1114112K
  class space    used 6566K, committed 6784K, reserved 1048576K
}
Event: 16.048 GC heap before
{Heap before GC invocations=31 (full 0):
 garbage-first heap   total 278528K, used 217624K [0x0000000080000000, 0x0000000100000000)
  region size 1024K, 163 young (166912K), 11 survivors (11264K)
 Metaspace       used 49810K, committed 50240K, reserved 1114112K
  class space    used 6566K, committed 6784K, reserved 1048576K
}
Event: 16.058 GC heap after
{Heap after GC invocations=32 (full 0):
 garbage-first heap   total 278528K, used 59956K [0x0000000080000000, 0x0000000100000000)
  region size 1024K, 12 young (12288K), 12 survivors (12288K)
 Metaspace       used 49810K, committed 50240K, reserved 1114112K
  class space    used 6566K, committed 6784K, reserved 1048576K
}

